0 info it worked if it ends with ok
1 verbose cli [ '/usr/local/Cellar/node/5.3.0/bin/node',
1 verbose cli   '/usr/local/bin/npm',
1 verbose cli   'install',
1 verbose cli   '--save',
1 verbose cli   'zlib' ]
2 info using npm@3.3.12
3 info using node@v5.3.0
4 silly loadCurrentTree Starting
5 silly install loadCurrentTree
6 silly install readLocalPackageData
7 silly fetchPackageMetaData zlib
8 silly fetchNamedPackageData zlib
9 silly mapToRegistry name zlib
10 silly mapToRegistry using default registry
11 silly mapToRegistry registry https://registry.npmjs.org/
12 silly mapToRegistry uri https://registry.npmjs.org/zlib
13 verbose request uri https://registry.npmjs.org/zlib
14 verbose request no auth needed
15 info attempt registry request try #1 at 7:40:13 PM
16 verbose request using bearer token for auth
17 verbose request id dcc2e22998014592
18 http request GET https://registry.npmjs.org/zlib
19 http 200 https://registry.npmjs.org/zlib
20 verbose headers { server: 'CouchDB/1.5.0 (Erlang OTP/R16B03)',
20 verbose headers   etag: '"5ZD8OZO6M8FVHQHJHDOOR2QN9"',
20 verbose headers   'content-type': 'application/json',
20 verbose headers   'content-encoding': 'gzip',
20 verbose headers   'cache-control': 'max-age=300',
20 verbose headers   'transfer-encoding': 'chunked',
20 verbose headers   'accept-ranges': 'bytes',
20 verbose headers   date: 'Thu, 28 Jul 2016 00:40:14 GMT',
20 verbose headers   via: '1.1 varnish',
20 verbose headers   connection: 'keep-alive',
20 verbose headers   'x-served-by': 'cache-dfw1844-DFW',
20 verbose headers   'x-cache': 'MISS',
20 verbose headers   'x-cache-hits': '0',
20 verbose headers   'x-timer': 'S1469666414.098564,VS0,VE195',
20 verbose headers   vary: 'Accept-Encoding' }
21 silly get cb [ 200,
21 silly get   { server: 'CouchDB/1.5.0 (Erlang OTP/R16B03)',
21 silly get     etag: '"5ZD8OZO6M8FVHQHJHDOOR2QN9"',
21 silly get     'content-type': 'application/json',
21 silly get     'content-encoding': 'gzip',
21 silly get     'cache-control': 'max-age=300',
21 silly get     'transfer-encoding': 'chunked',
21 silly get     'accept-ranges': 'bytes',
21 silly get     date: 'Thu, 28 Jul 2016 00:40:14 GMT',
21 silly get     via: '1.1 varnish',
21 silly get     connection: 'keep-alive',
21 silly get     'x-served-by': 'cache-dfw1844-DFW',
21 silly get     'x-cache': 'MISS',
21 silly get     'x-cache-hits': '0',
21 silly get     'x-timer': 'S1469666414.098564,VS0,VE195',
21 silly get     vary: 'Accept-Encoding' } ]
22 verbose get saving zlib to /Users/zach/.npm/registry.npmjs.org/zlib/.cache.json
23 silly install normalizeTree
24 silly loadCurrentTree Finishing
25 silly loadIdealTree Starting
26 silly install loadIdealTree
27 silly cloneCurrentTree Starting
28 silly install cloneCurrentTreeToIdealTree
29 silly cloneCurrentTree Finishing
30 silly loadShrinkwrap Starting
31 silly install loadShrinkwrap
32 silly loadShrinkwrap Finishing
33 silly loadAllDepsIntoIdealTree Starting
34 silly install loadAllDepsIntoIdealTree
35 silly resolveWithNewModule zlib@1.0.5 checking installable status
36 silly cache add args [ 'zlib', null ]
37 verbose cache add spec zlib
38 silly cache add parsed spec Result {
38 silly cache add   raw: 'zlib',
38 silly cache add   scope: null,
38 silly cache add   name: 'zlib',
38 silly cache add   rawSpec: '',
38 silly cache add   spec: '*',
38 silly cache add   type: 'range' }
39 silly addNamed zlib@*
40 verbose addNamed "*" is a valid semver range for zlib
41 silly addNameRange { name: 'zlib', range: '*', hasData: false }
42 silly mapToRegistry name zlib
43 silly mapToRegistry using default registry
44 silly mapToRegistry registry https://registry.npmjs.org/
45 silly mapToRegistry uri https://registry.npmjs.org/zlib
46 verbose addNameRange registry:https://registry.npmjs.org/zlib not in flight; fetching
47 verbose get https://registry.npmjs.org/zlib not expired, no request
48 silly addNameRange number 2 { name: 'zlib', range: '*', hasData: true }
49 silly addNameRange versions [ 'zlib',
49 silly addNameRange   [ '1.0.0', '1.0.1', '1.0.2', '1.0.3', '1.0.4', '1.0.5' ] ]
50 silly addNamed zlib@1.0.5
51 verbose addNamed "1.0.5" is a plain semver version for zlib
52 silly mapToRegistry name zlib
53 silly mapToRegistry using default registry
54 silly mapToRegistry registry https://registry.npmjs.org/
55 silly mapToRegistry uri https://registry.npmjs.org/zlib
56 verbose addRemoteTarball https://registry.npmjs.org/zlib/-/zlib-1.0.5.tgz not in flight; adding
57 verbose addRemoteTarball [ 'https://registry.npmjs.org/zlib/-/zlib-1.0.5.tgz',
57 verbose addRemoteTarball   '6e7c972fc371c645a6afb03ab14769def114fcc0' ]
58 info retry fetch attempt 1 at 7:40:13 PM
59 info attempt registry request try #1 at 7:40:13 PM
60 http fetch GET https://registry.npmjs.org/zlib/-/zlib-1.0.5.tgz
61 verbose request using bearer token for auth
62 http fetch 200 https://registry.npmjs.org/zlib/-/zlib-1.0.5.tgz
63 silly fetchAndShaCheck shasum 6e7c972fc371c645a6afb03ab14769def114fcc0
64 verbose addTmpTarball /var/folders/92/pwth084528d8hx3dcf5nk6hw0000gn/T/npm-39250-2888e008/registry.npmjs.org/zlib/-/zlib-1.0.5.tgz not in flight; adding
65 verbose addTmpTarball already have metadata; skipping unpack for zlib@1.0.5
66 silly cache afterAdd zlib@1.0.5
67 verbose afterAdd /Users/zach/.npm/zlib/1.0.5/package/package.json not in flight; writing
68 verbose afterAdd /Users/zach/.npm/zlib/1.0.5/package/package.json written
69 silly loadAllDepsIntoIdealTree Finishing
70 silly idealTree:prePrune oklahoma-county-assessor-scraper@1.0.0
70 silly idealTree:prePrune ├── abab@1.0.3
70 silly idealTree:prePrune ├── acorn-globals@1.0.9
70 silly idealTree:prePrune ├── acorn@2.7.0
70 silly idealTree:prePrune ├── amdefine@1.0.0
70 silly idealTree:prePrune ├── ansi-regex@2.0.0
70 silly idealTree:prePrune ├── ansi-styles@2.2.1
70 silly idealTree:prePrune ├── asn1@0.2.3
70 silly idealTree:prePrune ├── assert-plus@0.2.0
70 silly idealTree:prePrune ├── async@1.5.2
70 silly idealTree:prePrune ├── aws-sign2@0.6.0
70 silly idealTree:prePrune ├── aws4@1.4.1
70 silly idealTree:prePrune ├── bl@1.1.2
70 silly idealTree:prePrune ├── bluebird@2.10.2
70 silly idealTree:prePrune ├── boolbase@1.0.0
70 silly idealTree:prePrune ├── boom@2.10.1
70 silly idealTree:prePrune ├── bson@0.4.23
70 silly idealTree:prePrune ├── caseless@0.11.0
70 silly idealTree:prePrune ├── chalk@1.1.3
70 silly idealTree:prePrune ├── cheerio@0.20.0
70 silly idealTree:prePrune ├── combined-stream@1.0.5
70 silly idealTree:prePrune ├── commander@2.9.0
70 silly idealTree:prePrune ├── core-util-is@1.0.2
70 silly idealTree:prePrune ├── cryptiles@2.0.5
70 silly idealTree:prePrune ├── css-select@1.2.0
70 silly idealTree:prePrune ├── css-what@2.1.0
70 silly idealTree:prePrune ├── cssom@0.3.1
70 silly idealTree:prePrune ├── cssstyle@0.2.36
70 silly idealTree:prePrune ├─┬ dashdash@1.14.0
70 silly idealTree:prePrune │ └── assert-plus@1.0.0
70 silly idealTree:prePrune ├── debug@2.2.0
70 silly idealTree:prePrune ├── deep-is@0.1.3
70 silly idealTree:prePrune ├── delayed-stream@1.0.0
70 silly idealTree:prePrune ├─┬ dom-serializer@0.1.0
70 silly idealTree:prePrune │ └── domelementtype@1.1.3
70 silly idealTree:prePrune ├── domelementtype@1.3.0
70 silly idealTree:prePrune ├── domhandler@2.3.0
70 silly idealTree:prePrune ├── domutils@1.5.1
70 silly idealTree:prePrune ├── ecc-jsbn@0.1.1
70 silly idealTree:prePrune ├── entities@1.1.1
70 silly idealTree:prePrune ├── es6-promise@3.0.2
70 silly idealTree:prePrune ├── escape-string-regexp@1.0.5
70 silly idealTree:prePrune ├── escodegen@1.8.0
70 silly idealTree:prePrune ├── esprima@2.7.2
70 silly idealTree:prePrune ├── estraverse@1.9.3
70 silly idealTree:prePrune ├── esutils@2.0.2
70 silly idealTree:prePrune ├── extend@3.0.0
70 silly idealTree:prePrune ├── extsprintf@1.0.2
70 silly idealTree:prePrune ├── fast-levenshtein@1.1.3
70 silly idealTree:prePrune ├── forever-agent@0.6.1
70 silly idealTree:prePrune ├── form-data@1.0.0-rc4
70 silly idealTree:prePrune ├── generate-function@2.0.0
70 silly idealTree:prePrune ├── generate-object-property@1.2.0
70 silly idealTree:prePrune ├─┬ getpass@0.1.6
70 silly idealTree:prePrune │ └── assert-plus@1.0.0
70 silly idealTree:prePrune ├── graceful-readlink@1.0.1
70 silly idealTree:prePrune ├── har-validator@2.0.6
70 silly idealTree:prePrune ├── has-ansi@2.0.0
70 silly idealTree:prePrune ├── hawk@3.1.3
70 silly idealTree:prePrune ├── hoek@2.16.3
70 silly idealTree:prePrune ├── hooks-fixed@1.1.0
70 silly idealTree:prePrune ├─┬ htmlparser2@3.8.3
70 silly idealTree:prePrune │ ├── entities@1.0.0
70 silly idealTree:prePrune │ ├── isarray@0.0.1
70 silly idealTree:prePrune │ └── readable-stream@1.1.14
70 silly idealTree:prePrune ├── http-signature@1.1.1
70 silly idealTree:prePrune ├── inherits@2.0.1
70 silly idealTree:prePrune ├── is-my-json-valid@2.13.1
70 silly idealTree:prePrune ├── is-property@1.0.2
70 silly idealTree:prePrune ├── is-typedarray@1.0.0
70 silly idealTree:prePrune ├── isarray@1.0.0
70 silly idealTree:prePrune ├── isstream@0.1.2
70 silly idealTree:prePrune ├── jodid25519@1.0.2
70 silly idealTree:prePrune ├── jsbn@0.1.0
70 silly idealTree:prePrune ├── jsdom@7.2.2
70 silly idealTree:prePrune ├── json-schema@0.2.2
70 silly idealTree:prePrune ├── json-stringify-safe@5.0.1
70 silly idealTree:prePrune ├── jsonpointer@2.0.0
70 silly idealTree:prePrune ├── jsprim@1.3.0
70 silly idealTree:prePrune ├── kareem@1.1.3
70 silly idealTree:prePrune ├── levn@0.3.0
70 silly idealTree:prePrune ├── lodash@4.13.1
70 silly idealTree:prePrune ├── mime-db@1.23.0
70 silly idealTree:prePrune ├── mime-types@2.1.11
70 silly idealTree:prePrune ├── mongodb-core@1.3.18
70 silly idealTree:prePrune ├─┬ mongodb@2.1.18
70 silly idealTree:prePrune │ ├── isarray@0.0.1
70 silly idealTree:prePrune │ └── readable-stream@1.0.31
70 silly idealTree:prePrune ├── mongoose@4.5.5
70 silly idealTree:prePrune ├── mpath@0.2.1
70 silly idealTree:prePrune ├── mpromise@0.5.5
70 silly idealTree:prePrune ├─┬ mquery@1.11.0
70 silly idealTree:prePrune │ └── sliced@0.0.5
70 silly idealTree:prePrune ├── ms@0.7.1
70 silly idealTree:prePrune ├── muri@1.1.0
70 silly idealTree:prePrune ├── node-uuid@1.4.7
70 silly idealTree:prePrune ├── nth-check@1.0.1
70 silly idealTree:prePrune ├── nwmatcher@1.3.8
70 silly idealTree:prePrune ├── oauth-sign@0.8.2
70 silly idealTree:prePrune ├── optionator@0.8.1
70 silly idealTree:prePrune ├── parse5@1.5.1
70 silly idealTree:prePrune ├── pinkie-promise@2.0.1
70 silly idealTree:prePrune ├── pinkie@2.0.4
70 silly idealTree:prePrune ├── prelude-ls@1.1.2
70 silly idealTree:prePrune ├── process-nextick-args@1.0.7
70 silly idealTree:prePrune ├── qs@6.2.1
70 silly idealTree:prePrune ├── readable-stream@2.0.6
70 silly idealTree:prePrune ├── regexp-clone@0.0.1
70 silly idealTree:prePrune ├── request@2.73.0
70 silly idealTree:prePrune ├── require_optional@1.0.0
70 silly idealTree:prePrune ├── resolve-from@2.0.0
70 silly idealTree:prePrune ├── sax@1.2.1
70 silly idealTree:prePrune ├── semver@5.3.0
70 silly idealTree:prePrune ├── sliced@1.0.1
70 silly idealTree:prePrune ├── sntp@1.0.9
70 silly idealTree:prePrune ├── source-map@0.2.0
70 silly idealTree:prePrune ├─┬ sshpk@1.8.3
70 silly idealTree:prePrune │ └── assert-plus@1.0.0
70 silly idealTree:prePrune ├── string_decoder@0.10.31
70 silly idealTree:prePrune ├── stringstream@0.0.5
70 silly idealTree:prePrune ├── strip-ansi@3.0.1
70 silly idealTree:prePrune ├── supports-color@2.0.0
70 silly idealTree:prePrune ├── symbol-tree@3.1.4
70 silly idealTree:prePrune ├── tough-cookie@2.2.2
70 silly idealTree:prePrune ├── tr46@0.0.3
70 silly idealTree:prePrune ├── tunnel-agent@0.4.3
70 silly idealTree:prePrune ├── tweetnacl@0.13.3
70 silly idealTree:prePrune ├── type-check@0.3.2
70 silly idealTree:prePrune ├── util-deprecate@1.0.2
70 silly idealTree:prePrune ├── verror@1.3.6
70 silly idealTree:prePrune ├── webidl-conversions@2.0.1
70 silly idealTree:prePrune ├── whatwg-url-compat@0.6.5
70 silly idealTree:prePrune ├── wordwrap@1.0.0
70 silly idealTree:prePrune ├── xml-name-validator@2.0.1
70 silly idealTree:prePrune ├── xtend@4.0.1
70 silly idealTree:prePrune └── zlib@1.0.5
71 silly loadIdealTree Finishing
72 silly currentTree oklahoma-county-assessor-scraper@1.0.0
72 silly currentTree ├── abab@1.0.3
72 silly currentTree ├── acorn-globals@1.0.9
72 silly currentTree ├── acorn@2.7.0
72 silly currentTree ├── amdefine@1.0.0
72 silly currentTree ├── ansi-regex@2.0.0
72 silly currentTree ├── ansi-styles@2.2.1
72 silly currentTree ├── asn1@0.2.3
72 silly currentTree ├── assert-plus@0.2.0
72 silly currentTree ├── async@1.5.2
72 silly currentTree ├── aws-sign2@0.6.0
72 silly currentTree ├── aws4@1.4.1
72 silly currentTree ├── bl@1.1.2
72 silly currentTree ├── bluebird@2.10.2
72 silly currentTree ├── boolbase@1.0.0
72 silly currentTree ├── boom@2.10.1
72 silly currentTree ├── bson@0.4.23
72 silly currentTree ├── caseless@0.11.0
72 silly currentTree ├── chalk@1.1.3
72 silly currentTree ├── cheerio@0.20.0
72 silly currentTree ├── combined-stream@1.0.5
72 silly currentTree ├── commander@2.9.0
72 silly currentTree ├── core-util-is@1.0.2
72 silly currentTree ├── cryptiles@2.0.5
72 silly currentTree ├── css-select@1.2.0
72 silly currentTree ├── css-what@2.1.0
72 silly currentTree ├── cssom@0.3.1
72 silly currentTree ├── cssstyle@0.2.36
72 silly currentTree ├─┬ dashdash@1.14.0
72 silly currentTree │ └── assert-plus@1.0.0
72 silly currentTree ├── debug@2.2.0
72 silly currentTree ├── deep-is@0.1.3
72 silly currentTree ├── delayed-stream@1.0.0
72 silly currentTree ├─┬ dom-serializer@0.1.0
72 silly currentTree │ └── domelementtype@1.1.3
72 silly currentTree ├── domelementtype@1.3.0
72 silly currentTree ├── domhandler@2.3.0
72 silly currentTree ├── domutils@1.5.1
72 silly currentTree ├── ecc-jsbn@0.1.1
72 silly currentTree ├── entities@1.1.1
72 silly currentTree ├── es6-promise@3.0.2
72 silly currentTree ├── escape-string-regexp@1.0.5
72 silly currentTree ├── escodegen@1.8.0
72 silly currentTree ├── esprima@2.7.2
72 silly currentTree ├── estraverse@1.9.3
72 silly currentTree ├── esutils@2.0.2
72 silly currentTree ├── extend@3.0.0
72 silly currentTree ├── extsprintf@1.0.2
72 silly currentTree ├── fast-levenshtein@1.1.3
72 silly currentTree ├── forever-agent@0.6.1
72 silly currentTree ├── form-data@1.0.0-rc4
72 silly currentTree ├── generate-function@2.0.0
72 silly currentTree ├── generate-object-property@1.2.0
72 silly currentTree ├─┬ getpass@0.1.6
72 silly currentTree │ └── assert-plus@1.0.0
72 silly currentTree ├── graceful-readlink@1.0.1
72 silly currentTree ├── har-validator@2.0.6
72 silly currentTree ├── has-ansi@2.0.0
72 silly currentTree ├── hawk@3.1.3
72 silly currentTree ├── hoek@2.16.3
72 silly currentTree ├── hooks-fixed@1.1.0
72 silly currentTree ├─┬ htmlparser2@3.8.3
72 silly currentTree │ ├── entities@1.0.0
72 silly currentTree │ ├── isarray@0.0.1
72 silly currentTree │ └── readable-stream@1.1.14
72 silly currentTree ├── http-signature@1.1.1
72 silly currentTree ├── inherits@2.0.1
72 silly currentTree ├── is-my-json-valid@2.13.1
72 silly currentTree ├── is-property@1.0.2
72 silly currentTree ├── is-typedarray@1.0.0
72 silly currentTree ├── isarray@1.0.0
72 silly currentTree ├── isstream@0.1.2
72 silly currentTree ├── jodid25519@1.0.2
72 silly currentTree ├── jsbn@0.1.0
72 silly currentTree ├── jsdom@7.2.2
72 silly currentTree ├── json-schema@0.2.2
72 silly currentTree ├── json-stringify-safe@5.0.1
72 silly currentTree ├── jsonpointer@2.0.0
72 silly currentTree ├── jsprim@1.3.0
72 silly currentTree ├── kareem@1.1.3
72 silly currentTree ├── levn@0.3.0
72 silly currentTree ├── lodash@4.13.1
72 silly currentTree ├── mime-db@1.23.0
72 silly currentTree ├── mime-types@2.1.11
72 silly currentTree ├── mongodb-core@1.3.18
72 silly currentTree ├─┬ mongodb@2.1.18
72 silly currentTree │ ├── isarray@0.0.1
72 silly currentTree │ └── readable-stream@1.0.31
72 silly currentTree ├── mongoose@4.5.5
72 silly currentTree ├── mpath@0.2.1
72 silly currentTree ├── mpromise@0.5.5
72 silly currentTree ├─┬ mquery@1.11.0
72 silly currentTree │ └── sliced@0.0.5
72 silly currentTree ├── ms@0.7.1
72 silly currentTree ├── muri@1.1.0
72 silly currentTree ├── node-uuid@1.4.7
72 silly currentTree ├── nth-check@1.0.1
72 silly currentTree ├── nwmatcher@1.3.8
72 silly currentTree ├── oauth-sign@0.8.2
72 silly currentTree ├── optionator@0.8.1
72 silly currentTree ├── parse5@1.5.1
72 silly currentTree ├── pinkie-promise@2.0.1
72 silly currentTree ├── pinkie@2.0.4
72 silly currentTree ├── prelude-ls@1.1.2
72 silly currentTree ├── process-nextick-args@1.0.7
72 silly currentTree ├── qs@6.2.1
72 silly currentTree ├── readable-stream@2.0.6
72 silly currentTree ├── regexp-clone@0.0.1
72 silly currentTree ├── request@2.73.0
72 silly currentTree ├── require_optional@1.0.0
72 silly currentTree ├── resolve-from@2.0.0
72 silly currentTree ├── sax@1.2.1
72 silly currentTree ├── semver@5.3.0
72 silly currentTree ├── sliced@1.0.1
72 silly currentTree ├── sntp@1.0.9
72 silly currentTree ├── source-map@0.2.0
72 silly currentTree ├─┬ sshpk@1.8.3
72 silly currentTree │ └── assert-plus@1.0.0
72 silly currentTree ├── string_decoder@0.10.31
72 silly currentTree ├── stringstream@0.0.5
72 silly currentTree ├── strip-ansi@3.0.1
72 silly currentTree ├── supports-color@2.0.0
72 silly currentTree ├── symbol-tree@3.1.4
72 silly currentTree ├── tough-cookie@2.2.2
72 silly currentTree ├── tr46@0.0.3
72 silly currentTree ├── tunnel-agent@0.4.3
72 silly currentTree ├── tweetnacl@0.13.3
72 silly currentTree ├── type-check@0.3.2
72 silly currentTree ├── util-deprecate@1.0.2
72 silly currentTree ├── verror@1.3.6
72 silly currentTree ├── webidl-conversions@2.0.1
72 silly currentTree ├── whatwg-url-compat@0.6.5
72 silly currentTree ├── wordwrap@1.0.0
72 silly currentTree ├── xml-name-validator@2.0.1
72 silly currentTree └── xtend@4.0.1
73 silly idealTree oklahoma-county-assessor-scraper@1.0.0
73 silly idealTree ├── abab@1.0.3
73 silly idealTree ├── acorn-globals@1.0.9
73 silly idealTree ├── acorn@2.7.0
73 silly idealTree ├── amdefine@1.0.0
73 silly idealTree ├── ansi-regex@2.0.0
73 silly idealTree ├── ansi-styles@2.2.1
73 silly idealTree ├── asn1@0.2.3
73 silly idealTree ├── assert-plus@0.2.0
73 silly idealTree ├── async@1.5.2
73 silly idealTree ├── aws-sign2@0.6.0
73 silly idealTree ├── aws4@1.4.1
73 silly idealTree ├── bl@1.1.2
73 silly idealTree ├── bluebird@2.10.2
73 silly idealTree ├── boolbase@1.0.0
73 silly idealTree ├── boom@2.10.1
73 silly idealTree ├── bson@0.4.23
73 silly idealTree ├── caseless@0.11.0
73 silly idealTree ├── chalk@1.1.3
73 silly idealTree ├── cheerio@0.20.0
73 silly idealTree ├── combined-stream@1.0.5
73 silly idealTree ├── commander@2.9.0
73 silly idealTree ├── core-util-is@1.0.2
73 silly idealTree ├── cryptiles@2.0.5
73 silly idealTree ├── css-select@1.2.0
73 silly idealTree ├── css-what@2.1.0
73 silly idealTree ├── cssom@0.3.1
73 silly idealTree ├── cssstyle@0.2.36
73 silly idealTree ├─┬ dashdash@1.14.0
73 silly idealTree │ └── assert-plus@1.0.0
73 silly idealTree ├── debug@2.2.0
73 silly idealTree ├── deep-is@0.1.3
73 silly idealTree ├── delayed-stream@1.0.0
73 silly idealTree ├─┬ dom-serializer@0.1.0
73 silly idealTree │ └── domelementtype@1.1.3
73 silly idealTree ├── domelementtype@1.3.0
73 silly idealTree ├── domhandler@2.3.0
73 silly idealTree ├── domutils@1.5.1
73 silly idealTree ├── ecc-jsbn@0.1.1
73 silly idealTree ├── entities@1.1.1
73 silly idealTree ├── es6-promise@3.0.2
73 silly idealTree ├── escape-string-regexp@1.0.5
73 silly idealTree ├── escodegen@1.8.0
73 silly idealTree ├── esprima@2.7.2
73 silly idealTree ├── estraverse@1.9.3
73 silly idealTree ├── esutils@2.0.2
73 silly idealTree ├── extend@3.0.0
73 silly idealTree ├── extsprintf@1.0.2
73 silly idealTree ├── fast-levenshtein@1.1.3
73 silly idealTree ├── forever-agent@0.6.1
73 silly idealTree ├── form-data@1.0.0-rc4
73 silly idealTree ├── generate-function@2.0.0
73 silly idealTree ├── generate-object-property@1.2.0
73 silly idealTree ├─┬ getpass@0.1.6
73 silly idealTree │ └── assert-plus@1.0.0
73 silly idealTree ├── graceful-readlink@1.0.1
73 silly idealTree ├── har-validator@2.0.6
73 silly idealTree ├── has-ansi@2.0.0
73 silly idealTree ├── hawk@3.1.3
73 silly idealTree ├── hoek@2.16.3
73 silly idealTree ├── hooks-fixed@1.1.0
73 silly idealTree ├─┬ htmlparser2@3.8.3
73 silly idealTree │ ├── entities@1.0.0
73 silly idealTree │ ├── isarray@0.0.1
73 silly idealTree │ └── readable-stream@1.1.14
73 silly idealTree ├── http-signature@1.1.1
73 silly idealTree ├── inherits@2.0.1
73 silly idealTree ├── is-my-json-valid@2.13.1
73 silly idealTree ├── is-property@1.0.2
73 silly idealTree ├── is-typedarray@1.0.0
73 silly idealTree ├── isarray@1.0.0
73 silly idealTree ├── isstream@0.1.2
73 silly idealTree ├── jodid25519@1.0.2
73 silly idealTree ├── jsbn@0.1.0
73 silly idealTree ├── jsdom@7.2.2
73 silly idealTree ├── json-schema@0.2.2
73 silly idealTree ├── json-stringify-safe@5.0.1
73 silly idealTree ├── jsonpointer@2.0.0
73 silly idealTree ├── jsprim@1.3.0
73 silly idealTree ├── kareem@1.1.3
73 silly idealTree ├── levn@0.3.0
73 silly idealTree ├── lodash@4.13.1
73 silly idealTree ├── mime-db@1.23.0
73 silly idealTree ├── mime-types@2.1.11
73 silly idealTree ├── mongodb-core@1.3.18
73 silly idealTree ├─┬ mongodb@2.1.18
73 silly idealTree │ ├── isarray@0.0.1
73 silly idealTree │ └── readable-stream@1.0.31
73 silly idealTree ├── mongoose@4.5.5
73 silly idealTree ├── mpath@0.2.1
73 silly idealTree ├── mpromise@0.5.5
73 silly idealTree ├─┬ mquery@1.11.0
73 silly idealTree │ └── sliced@0.0.5
73 silly idealTree ├── ms@0.7.1
73 silly idealTree ├── muri@1.1.0
73 silly idealTree ├── node-uuid@1.4.7
73 silly idealTree ├── nth-check@1.0.1
73 silly idealTree ├── nwmatcher@1.3.8
73 silly idealTree ├── oauth-sign@0.8.2
73 silly idealTree ├── optionator@0.8.1
73 silly idealTree ├── parse5@1.5.1
73 silly idealTree ├── pinkie-promise@2.0.1
73 silly idealTree ├── pinkie@2.0.4
73 silly idealTree ├── prelude-ls@1.1.2
73 silly idealTree ├── process-nextick-args@1.0.7
73 silly idealTree ├── qs@6.2.1
73 silly idealTree ├── readable-stream@2.0.6
73 silly idealTree ├── regexp-clone@0.0.1
73 silly idealTree ├── request@2.73.0
73 silly idealTree ├── require_optional@1.0.0
73 silly idealTree ├── resolve-from@2.0.0
73 silly idealTree ├── sax@1.2.1
73 silly idealTree ├── semver@5.3.0
73 silly idealTree ├── sliced@1.0.1
73 silly idealTree ├── sntp@1.0.9
73 silly idealTree ├── source-map@0.2.0
73 silly idealTree ├─┬ sshpk@1.8.3
73 silly idealTree │ └── assert-plus@1.0.0
73 silly idealTree ├── string_decoder@0.10.31
73 silly idealTree ├── stringstream@0.0.5
73 silly idealTree ├── strip-ansi@3.0.1
73 silly idealTree ├── supports-color@2.0.0
73 silly idealTree ├── symbol-tree@3.1.4
73 silly idealTree ├── tough-cookie@2.2.2
73 silly idealTree ├── tr46@0.0.3
73 silly idealTree ├── tunnel-agent@0.4.3
73 silly idealTree ├── tweetnacl@0.13.3
73 silly idealTree ├── type-check@0.3.2
73 silly idealTree ├── util-deprecate@1.0.2
73 silly idealTree ├── verror@1.3.6
73 silly idealTree ├── webidl-conversions@2.0.1
73 silly idealTree ├── whatwg-url-compat@0.6.5
73 silly idealTree ├── wordwrap@1.0.0
73 silly idealTree ├── xml-name-validator@2.0.1
73 silly idealTree ├── xtend@4.0.1
73 silly idealTree └── zlib@1.0.5
74 silly generateActionsToTake Starting
75 silly install generateActionsToTake
76 silly generateActionsToTake Finishing
77 silly diffTrees action count 1
78 silly diffTrees add zlib@1.0.5
79 silly decomposeActions action count 8
80 silly decomposeActions fetch zlib@1.0.5
81 silly decomposeActions extract zlib@1.0.5
82 silly decomposeActions preinstall zlib@1.0.5
83 silly decomposeActions build zlib@1.0.5
84 silly decomposeActions install zlib@1.0.5
85 silly decomposeActions postinstall zlib@1.0.5
86 silly decomposeActions test zlib@1.0.5
87 silly decomposeActions finalize zlib@1.0.5
88 silly executeActions Starting
89 silly install executeActions
90 silly doSerial global-install 0
91 silly doParallel fetch 1
92 verbose lock using /Users/zach/.npm/_locks/staging-48bb6f8005218339.lock for /Users/zach/code/ok-coders-summer-2016-back-end/15-capstone/oklahoma-county-assessor-scraper/node_modules/.staging
93 silly doParallel extract 1
94 silly extract zlib@1.0.5
95 verbose unbuild node_modules/.staging/zlib-673cfd95c49632053672e312c9da9ea2
96 silly gentlyRm /Users/zach/code/ok-coders-summer-2016-back-end/15-capstone/oklahoma-county-assessor-scraper/node_modules/.staging/zlib-673cfd95c49632053672e312c9da9ea2 is being purged from base /Users/zach/code/ok-coders-summer-2016-back-end/15-capstone/oklahoma-county-assessor-scraper
97 verbose gentlyRm don't care about contents; nuking /Users/zach/code/ok-coders-summer-2016-back-end/15-capstone/oklahoma-county-assessor-scraper/node_modules/.staging/zlib-673cfd95c49632053672e312c9da9ea2
98 verbose tar unpack /Users/zach/.npm/zlib/1.0.5/package.tgz
99 verbose tar unpacking to /Users/zach/code/ok-coders-summer-2016-back-end/15-capstone/oklahoma-county-assessor-scraper/node_modules/.staging/zlib-673cfd95c49632053672e312c9da9ea2
100 silly gentlyRm /Users/zach/code/ok-coders-summer-2016-back-end/15-capstone/oklahoma-county-assessor-scraper/node_modules/.staging/zlib-673cfd95c49632053672e312c9da9ea2 is being purged
101 verbose gentlyRm don't care about contents; nuking /Users/zach/code/ok-coders-summer-2016-back-end/15-capstone/oklahoma-county-assessor-scraper/node_modules/.staging/zlib-673cfd95c49632053672e312c9da9ea2
102 silly gunzTarPerm modes [ '755', '644' ]
103 silly gunzTarPerm extractEntry .gitignore
104 silly gunzTarPerm extractEntry configure
105 silly gunzTarPerm extractEntry index.js
106 silly gunzTarPerm extractEntry LICENSE
107 silly gunzTarPerm extractEntry Makefile
108 silly gunzTarPerm extractEntry package.json
109 silly gunzTarPerm extractEntry README.md
110 silly gunzTarPerm extractEntry wscript
111 silly gunzTarPerm extractEntry lib/zlib.js
112 silly gunzTarPerm extractEntry src/node-zlib.cc
113 silly gunzTarPerm extractEntry test/deflate.test.js
114 silly gunzTarPerm extractEntry test/inflate.test.js
115 silly doParallel preinstall 1
116 silly preinstall zlib@1.0.5 /Users/zach/code/ok-coders-summer-2016-back-end/15-capstone/oklahoma-county-assessor-scraper/node_modules/.staging/zlib-673cfd95c49632053672e312c9da9ea2
117 info lifecycle zlib@1.0.5~preinstall: zlib@1.0.5
118 verbose lifecycle zlib@1.0.5~preinstall: unsafe-perm in lifecycle true
119 verbose lifecycle zlib@1.0.5~preinstall: PATH: /usr/local/lib/node_modules/npm/bin/node-gyp-bin:/Users/zach/code/ok-coders-summer-2016-back-end/15-capstone/oklahoma-county-assessor-scraper/node_modules/.staging/zlib-673cfd95c49632053672e312c9da9ea2/node_modules/.bin:/Users/zach/code/ok-coders-summer-2016-back-end/15-capstone/oklahoma-county-assessor-scraper/node_modules/.bin:/usr/local/bin:/usr/local/bin:/usr/bin:/bin:/usr/sbin:/sbin:/opt/X11/bin
120 verbose lifecycle zlib@1.0.5~preinstall: CWD: /Users/zach/code/ok-coders-summer-2016-back-end/15-capstone/oklahoma-county-assessor-scraper/node_modules/.staging/zlib-673cfd95c49632053672e312c9da9ea2
121 silly lifecycle zlib@1.0.5~preinstall: Args: [ '-c', 'node-waf clean || true; node-waf configure build' ]
122 info lifecycle zlib@1.0.5~preinstall: Failed to exec preinstall script
123 verbose unlock done using /Users/zach/.npm/_locks/staging-48bb6f8005218339.lock for /Users/zach/code/ok-coders-summer-2016-back-end/15-capstone/oklahoma-county-assessor-scraper/node_modules/.staging
124 silly rollbackFailedOptional Starting
125 silly rollbackFailedOptional Finishing
126 silly runTopLevelLifecycles Starting
127 silly runTopLevelLifecycles Finishing
128 silly install printInstalled
129 warn EPACKAGEJSON oklahoma-county-assessor-scraper@1.0.0 No description
130 warn EPACKAGEJSON oklahoma-county-assessor-scraper@1.0.0 No repository field.
131 verbose stack Error: zlib@1.0.5 preinstall: `node-waf clean || true; node-waf configure build`
131 verbose stack spawn ENOENT
131 verbose stack     at ChildProcess.<anonymous> (/usr/local/lib/node_modules/npm/lib/utils/spawn.js:17:16)
131 verbose stack     at emitTwo (events.js:87:13)
131 verbose stack     at ChildProcess.emit (events.js:172:7)
131 verbose stack     at maybeClose (internal/child_process.js:818:16)
131 verbose stack     at Process.ChildProcess._handle.onexit (internal/child_process.js:211:5)
132 verbose pkgid zlib@1.0.5
133 verbose cwd /Users/zach/code/ok-coders-summer-2016-back-end/15-capstone/oklahoma-county-assessor-scraper
134 error Darwin 15.5.0
135 error argv "/usr/local/Cellar/node/5.3.0/bin/node" "/usr/local/bin/npm" "install" "--save" "zlib"
136 error node v5.3.0
137 error npm  v3.3.12
138 error file sh
139 error code ELIFECYCLE
140 error errno ENOENT
141 error syscall spawn
142 error zlib@1.0.5 preinstall: `node-waf clean || true; node-waf configure build`
142 error spawn ENOENT
143 error Failed at the zlib@1.0.5 preinstall script 'node-waf clean || true; node-waf configure build'.
143 error Make sure you have the latest version of node.js and npm installed.
143 error If you do, this is most likely a problem with the zlib package,
143 error not with npm itself.
143 error Tell the author that this fails on your system:
143 error     node-waf clean || true; node-waf configure build
143 error You can get their info via:
143 error     npm owner ls zlib
143 error There is likely additional logging output above.
144 verbose exit [ 1, true ]
